[0.011s] Invoking command in '/home/iason/aristurtle/controlTasks/task1/ros2_ws/build/autocross_visualizer': CMAKE_PREFIX_PATH=/opt/ros/humble /usr/bin/cmake --build /home/iason/aristurtle/controlTasks/task1/ros2_ws/build/autocross_visualizer -- -j8 -l8
[0.073s] [35m[1mConsolidate compiler generated dependencies of target marker_publisher_node[0m
[0.099s] [100%] Built target marker_publisher_node
[0.108s] Invoked command in '/home/iason/aristurtle/controlTasks/task1/ros2_ws/build/autocross_visualizer' returned '0': CMAKE_PREFIX_PATH=/opt/ros/humble /usr/bin/cmake --build /home/iason/aristurtle/controlTasks/task1/ros2_ws/build/autocross_visualizer -- -j8 -l8
[0.137s] Invoking command in '/home/iason/aristurtle/controlTasks/task1/ros2_ws/build/autocross_visualizer': CMAKE_PREFIX_PATH=/opt/ros/humble /usr/bin/cmake --install /home/iason/aristurtle/controlTasks/task1/ros2_ws/build/autocross_visualizer
[0.143s] -- Install configuration: ""
[0.144s] -- Up-to-date: /home/iason/aristurtle/controlTasks/task1/ros2_ws/install/autocross_visualizer/lib/autocross_visualizer/marker_publisher_node
[0.144s] -- Up-to-date: /home/iason/aristurtle/controlTasks/task1/ros2_ws/install/autocross_visualizer/include/
[0.144s] -- Up-to-date: /home/iason/aristurtle/controlTasks/task1/ros2_ws/install/autocross_visualizer/include//autocross_visualizer
[0.144s] -- Up-to-date: /home/iason/aristurtle/controlTasks/task1/ros2_ws/install/autocross_visualizer/include//autocross_visualizer/Vector2D.hpp
[0.144s] -- Up-to-date: /home/iason/aristurtle/controlTasks/task1/ros2_ws/install/autocross_visualizer/share/ament_index/resource_index/package_run_dependencies/autocross_visualizer
[0.144s] -- Up-to-date: /home/iason/aristurtle/controlTasks/task1/ros2_ws/install/autocross_visualizer/share/ament_index/resource_index/parent_prefix_path/autocross_visualizer
[0.144s] -- Up-to-date: /home/iason/aristurtle/controlTasks/task1/ros2_ws/install/autocross_visualizer/share/autocross_visualizer/environment/ament_prefix_path.sh
[0.145s] -- Up-to-date: /home/iason/aristurtle/controlTasks/task1/ros2_ws/install/autocross_visualizer/share/autocross_visualizer/environment/ament_prefix_path.dsv
[0.145s] -- Up-to-date: /home/iason/aristurtle/controlTasks/task1/ros2_ws/install/autocross_visualizer/share/autocross_visualizer/environment/path.sh
[0.145s] -- Up-to-date: /home/iason/aristurtle/controlTasks/task1/ros2_ws/install/autocross_visualizer/share/autocross_visualizer/environment/path.dsv
[0.145s] -- Up-to-date: /home/iason/aristurtle/controlTasks/task1/ros2_ws/install/autocross_visualizer/share/autocross_visualizer/local_setup.bash
[0.145s] -- Up-to-date: /home/iason/aristurtle/controlTasks/task1/ros2_ws/install/autocross_visualizer/share/autocross_visualizer/local_setup.sh
[0.145s] -- Up-to-date: /home/iason/aristurtle/controlTasks/task1/ros2_ws/install/autocross_visualizer/share/autocross_visualizer/local_setup.zsh
[0.145s] -- Up-to-date: /home/iason/aristurtle/controlTasks/task1/ros2_ws/install/autocross_visualizer/share/autocross_visualizer/local_setup.dsv
[0.145s] -- Installing: /home/iason/aristurtle/controlTasks/task1/ros2_ws/install/autocross_visualizer/share/autocross_visualizer/package.dsv
[0.145s] -- Up-to-date: /home/iason/aristurtle/controlTasks/task1/ros2_ws/install/autocross_visualizer/share/ament_index/resource_index/packages/autocross_visualizer
[0.145s] -- Up-to-date: /home/iason/aristurtle/controlTasks/task1/ros2_ws/install/autocross_visualizer/share/autocross_visualizer/cmake/autocross_visualizerConfig.cmake
[0.145s] -- Up-to-date: /home/iason/aristurtle/controlTasks/task1/ros2_ws/install/autocross_visualizer/share/autocross_visualizer/cmake/autocross_visualizerConfig-version.cmake
[0.145s] -- Up-to-date: /home/iason/aristurtle/controlTasks/task1/ros2_ws/install/autocross_visualizer/share/autocross_visualizer/package.xml
[0.148s] Invoked command in '/home/iason/aristurtle/controlTasks/task1/ros2_ws/build/autocross_visualizer' returned '0': CMAKE_PREFIX_PATH=/opt/ros/humble /usr/bin/cmake --install /home/iason/aristurtle/controlTasks/task1/ros2_ws/build/autocross_visualizer
