[01m[K/home/iason/aristurtle/controlTasks/task1/ros2_ws/src/autocross_visualizer/src/autocross_map_visualization.cpp:[m[K In member function ‘[01m[Kvoid MarkerPublisher::publish_markers()[m[K’:
[01m[K/home/iason/aristurtle/controlTasks/task1/ros2_ws/src/autocross_visualizer/src/autocross_map_visualization.cpp:74:53:[m[K [01;31m[Kerror: [m[Kcannot convert ‘[01m[KColour[m[K’ to ‘[01m[Kconst std::vector<Vector2D>&[m[K’
   74 |         create_and_publish_markers(coordinates_left,[01;31m[KBlue[m[K);
      |                                                     [01;31m[K^~~~[m[K
      |                                                     [01;31m[K|[m[K
      |                                                     [01;31m[KColour[m[K
[01m[K/home/iason/aristurtle/controlTasks/task1/ros2_ws/src/autocross_visualizer/src/autocross_map_visualization.cpp:78:111:[m[K [01;36m[Knote: [m[K  initializing argument 2 of ‘[01m[Kvoid MarkerPublisher::create_and_publish_markers(const std::vector<Vector2D>&, const std::vector<Vector2D>&)[m[K’
   78 | and_publish_markers(const std::vector<Vector2D> &coordinatesLeft,[01;36m[Kconst std::vector<Vector2D> &coordinatesRight[m[K)
      |                                                                  [01;36m[K~~~~~~~~~~~~~~~~~~~~~~~~~~~~~^~~~~~~~~~~~~~~~[m[K

[01m[K/home/iason/aristurtle/controlTasks/task1/ros2_ws/src/autocross_visualizer/src/autocross_map_visualization.cpp:75:54:[m[K [01;31m[Kerror: [m[Kcannot convert ‘[01m[KColour[m[K’ to ‘[01m[Kconst std::vector<Vector2D>&[m[K’
   75 |         create_and_publish_markers(coordinates_right,[01;31m[KYellow[m[K);
      |                                                      [01;31m[K^~~~~~[m[K
      |                                                      [01;31m[K|[m[K
      |                                                      [01;31m[KColour[m[K
[01m[K/home/iason/aristurtle/controlTasks/task1/ros2_ws/src/autocross_visualizer/src/autocross_map_visualization.cpp:78:111:[m[K [01;36m[Knote: [m[K  initializing argument 2 of ‘[01m[Kvoid MarkerPublisher::create_and_publish_markers(const std::vector<Vector2D>&, const std::vector<Vector2D>&)[m[K’
   78 | and_publish_markers(const std::vector<Vector2D> &coordinatesLeft,[01;36m[Kconst std::vector<Vector2D> &coordinatesRight[m[K)
      |                                                                  [01;36m[K~~~~~~~~~~~~~~~~~~~~~~~~~~~~~^~~~~~~~~~~~~~~~[m[K

gmake[2]: *** [CMakeFiles/marker_publisher_node.dir/build.make:76: CMakeFiles/marker_publisher_node.dir/src/autocross_map_visualization.cpp.o] Error 1
gmake[1]: *** [CMakeFiles/Makefile2:137: CMakeFiles/marker_publisher_node.dir/all] Error 2
gmake: *** [Makefile:146: all] Error 2
