[0.009s] Invoking command in '/home/iason/aristurtle/controlTasks/task1/ros2_ws/build/autocross_visualizer': CMAKE_PREFIX_PATH=/opt/ros/humble /usr/bin/cmake --build /home/iason/aristurtle/controlTasks/task1/ros2_ws/build/autocross_visualizer -- -j8 -l8
[0.033s] -- Found ament_cmake: 1.3.10 (/opt/ros/humble/share/ament_cmake/cmake)
[0.145s] -- Found rclcpp: 16.0.10 (/opt/ros/humble/share/rclcpp/cmake)
[0.168s] -- Found rosidl_generator_c: 3.1.5 (/opt/ros/humble/share/rosidl_generator_c/cmake)
[0.170s] -- Found rosidl_adapter: 3.1.5 (/opt/ros/humble/share/rosidl_adapter/cmake)
[0.175s] -- Found rosidl_generator_cpp: 3.1.5 (/opt/ros/humble/share/rosidl_generator_cpp/cmake)
[0.183s] -- Using all available rosidl_typesupport_c: rosidl_typesupport_fastrtps_c;rosidl_typesupport_introspection_c
[0.194s] -- Using all available rosidl_typesupport_cpp: rosidl_typesupport_fastrtps_cpp;rosidl_typesupport_introspection_cpp
[0.221s] -- Found rmw_implementation_cmake: 6.1.2 (/opt/ros/humble/share/rmw_implementation_cmake/cmake)
[0.222s] -- Found rmw_fastrtps_cpp: 6.2.7 (/opt/ros/humble/share/rmw_fastrtps_cpp/cmake)
[0.303s] -- Using RMW implementation 'rmw_fastrtps_cpp' as default
[0.348s] -- Found visualization_msgs: 4.2.4 (/opt/ros/humble/share/visualization_msgs/cmake)
[0.399s] -- Found ament_lint_auto: 0.12.11 (/opt/ros/humble/share/ament_lint_auto/cmake)
[0.467s] -- Added test 'cppcheck' to perform static code analysis on C / C++ code
[0.467s] -- Configured cppcheck include dirs: /home/iason/aristurtle/controlTasks/task1/ros2_ws/src/autocross_visualizer/include
[0.467s] -- Configured cppcheck exclude dirs and/or files: 
[0.467s] -- Added test 'lint_cmake' to check CMake code style
[0.468s] -- Added test 'uncrustify' to check C / C++ code style
[0.468s] -- Configured uncrustify additional arguments: 
[0.468s] -- Added test 'xmllint' to check XML markup files
[0.469s] -- Configuring done
[0.478s] -- Generating done
[0.480s] -- Build files have been written to: /home/iason/aristurtle/controlTasks/task1/ros2_ws/build/autocross_visualizer
[0.504s] [35m[1mConsolidate compiler generated dependencies of target marker_publisher_node[0m
[0.520s] [ 50%] [32mBuilding CXX object CMakeFiles/marker_publisher_node.dir/src/autocross_map_visualization.cpp.o[0m
[4.323s] [100%] [32m[1mLinking CXX executable marker_publisher_node[0m
[4.499s] [100%] Built target marker_publisher_node
[4.508s] Invoked command in '/home/iason/aristurtle/controlTasks/task1/ros2_ws/build/autocross_visualizer' returned '0': CMAKE_PREFIX_PATH=/opt/ros/humble /usr/bin/cmake --build /home/iason/aristurtle/controlTasks/task1/ros2_ws/build/autocross_visualizer -- -j8 -l8
[4.536s] Invoking command in '/home/iason/aristurtle/controlTasks/task1/ros2_ws/build/autocross_visualizer': CMAKE_PREFIX_PATH=/opt/ros/humble /usr/bin/cmake --install /home/iason/aristurtle/controlTasks/task1/ros2_ws/build/autocross_visualizer
[4.542s] -- Install configuration: ""
[4.542s] -- Installing: /home/iason/aristurtle/controlTasks/task1/ros2_ws/install/autocross_visualizer/lib/autocross_visualizer/marker_publisher_node
[4.543s] -- Set runtime path of "/home/iason/aristurtle/controlTasks/task1/ros2_ws/install/autocross_visualizer/lib/autocross_visualizer/marker_publisher_node" to ""
[4.543s] -- Up-to-date: /home/iason/aristurtle/controlTasks/task1/ros2_ws/install/autocross_visualizer/include/
[4.543s] -- Up-to-date: /home/iason/aristurtle/controlTasks/task1/ros2_ws/install/autocross_visualizer/include//autocross_visualizer
[4.543s] -- Installing: /home/iason/aristurtle/controlTasks/task1/ros2_ws/install/autocross_visualizer/include//autocross_visualizer/Vector2D.hpp
[4.544s] -- Up-to-date: /home/iason/aristurtle/controlTasks/task1/ros2_ws/install/autocross_visualizer/share/ament_index/resource_index/package_run_dependencies/autocross_visualizer
[4.544s] -- Up-to-date: /home/iason/aristurtle/controlTasks/task1/ros2_ws/install/autocross_visualizer/share/ament_index/resource_index/parent_prefix_path/autocross_visualizer
[4.544s] -- Up-to-date: /home/iason/aristurtle/controlTasks/task1/ros2_ws/install/autocross_visualizer/share/autocross_visualizer/environment/ament_prefix_path.sh
[4.544s] -- Installing: /home/iason/aristurtle/controlTasks/task1/ros2_ws/install/autocross_visualizer/share/autocross_visualizer/environment/ament_prefix_path.dsv
[4.544s] -- Up-to-date: /home/iason/aristurtle/controlTasks/task1/ros2_ws/install/autocross_visualizer/share/autocross_visualizer/environment/path.sh
[4.544s] -- Installing: /home/iason/aristurtle/controlTasks/task1/ros2_ws/install/autocross_visualizer/share/autocross_visualizer/environment/path.dsv
[4.544s] -- Up-to-date: /home/iason/aristurtle/controlTasks/task1/ros2_ws/install/autocross_visualizer/share/autocross_visualizer/local_setup.bash
[4.544s] -- Up-to-date: /home/iason/aristurtle/controlTasks/task1/ros2_ws/install/autocross_visualizer/share/autocross_visualizer/local_setup.sh
[4.544s] -- Up-to-date: /home/iason/aristurtle/controlTasks/task1/ros2_ws/install/autocross_visualizer/share/autocross_visualizer/local_setup.zsh
[4.544s] -- Installing: /home/iason/aristurtle/controlTasks/task1/ros2_ws/install/autocross_visualizer/share/autocross_visualizer/local_setup.dsv
[4.544s] -- Installing: /home/iason/aristurtle/controlTasks/task1/ros2_ws/install/autocross_visualizer/share/autocross_visualizer/package.dsv
[4.544s] -- Up-to-date: /home/iason/aristurtle/controlTasks/task1/ros2_ws/install/autocross_visualizer/share/ament_index/resource_index/packages/autocross_visualizer
[4.545s] -- Up-to-date: /home/iason/aristurtle/controlTasks/task1/ros2_ws/install/autocross_visualizer/share/autocross_visualizer/cmake/autocross_visualizerConfig.cmake
[4.545s] -- Up-to-date: /home/iason/aristurtle/controlTasks/task1/ros2_ws/install/autocross_visualizer/share/autocross_visualizer/cmake/autocross_visualizerConfig-version.cmake
[4.545s] -- Installing: /home/iason/aristurtle/controlTasks/task1/ros2_ws/install/autocross_visualizer/share/autocross_visualizer/package.xml
[4.546s] Invoked command in '/home/iason/aristurtle/controlTasks/task1/ros2_ws/build/autocross_visualizer' returned '0': CMAKE_PREFIX_PATH=/opt/ros/humble /usr/bin/cmake --install /home/iason/aristurtle/controlTasks/task1/ros2_ws/build/autocross_visualizer
